<?xml version="1.0" encoding="UTF-8"?>
<!-- Generated by org.testng.reporters.JUnitReportReporter -->
<testsuite hostname="tushar" failures="0" tests="7" name="com.msminstitution.endtoend.MSMEndToEnd" time="784.069" errors="0" timestamp="2022-06-13T12:50:57 IST" skipped="0">
  <testcase classname="com.msminstitution.endtoend.MSMEndToEnd" name="MSMInstitutionCreationFields" time="89.159"/>
  <system-out/>
  <testcase classname="com.msminstitution.endtoend.MSMEndToEnd" name="MSMCampusCreationFields" time="30.217"/>
  <system-out/>
  <testcase classname="com.msminstitution.endtoend.MSMEndToEnd" name="CreateInstRegionOfMarketingFields" time="12.800"/>
  <system-out/>
  <testcase classname="com.msminstitution.endtoend.MSMEndToEnd" name="CreateInstDocumentFlowFields" time="80.839"/>
  <system-out/>
  <testcase classname="com.msminstitution.endtoend.MSMEndToEnd" name="CreateInstApplicationFlowFields" time="106.250"/>
  <system-out/>
  <testcase classname="com.msminstitution.endtoend.MSMEndToEnd" name="CreateProgramFields" time="462.984"/>
  <system-out/>
  <testcase classname="com.msminstitution.endtoend.MSMEndToEnd" name="MSMInstitutionIntakeFields" time="1.820"/>
  <system-out/>
</testsuite> <!-- com.msminstitution.endtoend.MSMEndToEnd -->
